<?xml version="1.0" encoding="UTF-8"?>
<testng-results skipped="0" failed="0" total="2" passed="2">
  <reporter-output>
  </reporter-output>
  <suite name="Default suite" duration-ms="39218" started-at="2019-10-20T09:54:23Z" finished-at="2019-10-20T09:55:02Z">
    <groups>
    </groups>
    <test name="Default test" duration-ms="39218" started-at="2019-10-20T09:54:23Z" finished-at="2019-10-20T09:55:02Z">
      <class name="Executor.RunSuite">
        <test-method status="PASS" signature="reports()[pri:0, instance:Executor.RunSuite@7cd62f43]" name="reports" is-config="true" duration-ms="167" started-at="2019-10-20T15:24:23Z" finished-at="2019-10-20T15:24:23Z">
          <reporter-output>
          </reporter-output>
        </test-method> <!-- reports -->
        <test-method status="PASS" signature="browser()[pri:0, instance:Executor.RunSuite@7cd62f43]" name="browser" is-config="true" duration-ms="4415" started-at="2019-10-20T15:24:23Z" finished-at="2019-10-20T15:24:28Z">
          <reporter-output>
          </reporter-output>
        </test-method> <!-- browser -->
        <test-method status="PASS" signature="addCart()[pri:1, instance:Executor.RunSuite@7cd62f43]" name="addCart" duration-ms="20794" started-at="2019-10-20T15:24:28Z" finished-at="2019-10-20T15:24:48Z">
          <reporter-output>
          </reporter-output>
        </test-method> <!-- addCart -->
        <test-method status="PASS" signature="orderItems()[pri:2, instance:Executor.RunSuite@7cd62f43]" name="orderItems" duration-ms="10515" started-at="2019-10-20T15:24:48Z" finished-at="2019-10-20T15:24:59Z">
          <reporter-output>
          </reporter-output>
        </test-method> <!-- orderItems -->
        <test-method status="PASS" signature="closeBrowser()[pri:0, instance:Executor.RunSuite@7cd62f43]" name="closeBrowser" is-config="true" duration-ms="3303" started-at="2019-10-20T15:24:59Z" finished-at="2019-10-20T15:25:02Z">
          <reporter-output>
          </reporter-output>
        </test-method> <!-- closeBrowser -->
      </class> <!-- Executor.RunSuite -->
    </test> <!-- Default test -->
  </suite> <!-- Default suite -->
</testng-results>
